# Wmlscope reporting on Mon Aug  5 01:47:04 2013
# Invocation: ./wmlscope -u /home/trewe/src/umc-campaigns/Return_from_Captivity /home/trewe/src/wesnoth/data/core /home/trewe/src/wesnoth/data/multiplayer /home/trewe/src/wesnoth/data/themes /home/trewe/src/wesnoth/data/campaigns/An_Orcish_Incursion /home/trewe/src/wesnoth/data/campaigns/Dead_Water /home/trewe/src/wesnoth/data/campaigns/Delfadors_Memoirs /home/trewe/src/wesnoth/data/campaigns/Descent_Into_Darkness /home/trewe/src/wesnoth/data/campaigns/Eastern_Invasion /home/trewe/src/wesnoth/data/campaigns/Heir_To_The_Throne /home/trewe/src/wesnoth/data/campaigns/Legend_of_Wesmere /home/trewe/src/wesnoth/data/campaigns/Liberty /home/trewe/src/wesnoth/data/campaigns/Northern_Rebirth /home/trewe/src/wesnoth/data/campaigns/Sceptre_of_Fire /home/trewe/src/wesnoth/data/campaigns/Son_Of_The_Black_Eye /home/trewe/src/wesnoth/data/campaigns/The_Hammer_of_Thursagan /home/trewe/src/wesnoth/data/campaigns/The_Rise_Of_Wesnoth /home/trewe/src/wesnoth/data/campaigns/The_South_Guard /home/trewe/src/wesnoth/data/campaigns/Two_Brothers /home/trewe/src/wesnoth/data/campaigns/Under_the_Burning_Suns /home/trewe/src/wesnoth/data/campaigns/tutorial
# Working directory: /home/trewe/src/wesnoth/data/tools
"/home/trewe/src/wesnoth/data/core/macros/schedules.cfg", line 6: more than one resource matching misc/schedule-dawn.png is visible here (/home/trewe/src/wesnoth/data/core/images/themes/classic/misc/schedule-dawn.png, /home/trewe/src/wesnoth/data/core/images/misc/schedule-dawn.png).
"/home/trewe/src/wesnoth/data/core/macros/schedules.cfg", line 17: more than one resource matching misc/schedule-morning.png is visible here (/home/trewe/src/wesnoth/data/core/images/misc/schedule-morning.png, /home/trewe/src/wesnoth/data/core/images/themes/classic/misc/schedule-morning.png).
"/home/trewe/src/wesnoth/data/core/macros/schedules.cfg", line 26: more than one resource matching misc/tod-schedule-24hrs.png is visible here (/home/trewe/src/wesnoth/data/core/images/misc/tod-schedule-24hrs.png, /home/trewe/src/wesnoth/data/core/images/themes/classic/misc/tod-schedule-24hrs.png).
"/home/trewe/src/wesnoth/data/core/macros/schedules.cfg", line 35: more than one resource matching misc/schedule-afternoon.png is visible here (/home/trewe/src/wesnoth/data/core/images/misc/schedule-afternoon.png, /home/trewe/src/wesnoth/data/core/images/themes/classic/misc/schedule-afternoon.png).
"/home/trewe/src/wesnoth/data/core/macros/schedules.cfg", line 44: more than one resource matching misc/schedule-dusk.png is visible here (/home/trewe/src/wesnoth/data/core/images/misc/schedule-dusk.png, /home/trewe/src/wesnoth/data/core/images/themes/classic/misc/schedule-dusk.png).
"/home/trewe/src/wesnoth/data/core/macros/schedules.cfg", line 55: more than one resource matching misc/schedule-firstwatch.png is visible here (/home/trewe/src/wesnoth/data/core/images/themes/classic/misc/schedule-firstwatch.png, /home/trewe/src/wesnoth/data/core/images/misc/schedule-firstwatch.png).
"/home/trewe/src/wesnoth/data/core/macros/schedules.cfg", line 67: more than one resource matching misc/tod-schedule-24hrs.png is visible here (/home/trewe/src/wesnoth/data/core/images/misc/tod-schedule-24hrs.png, /home/trewe/src/wesnoth/data/core/images/themes/classic/misc/tod-schedule-24hrs.png).
"/home/trewe/src/wesnoth/data/core/macros/schedules.cfg", line 79: more than one resource matching misc/schedule-secondwatch.png is visible here (/home/trewe/src/wesnoth/data/core/images/misc/schedule-secondwatch.png, /home/trewe/src/wesnoth/data/core/images/themes/classic/misc/schedule-secondwatch.png).
"/home/trewe/src/wesnoth/data/core/macros/schedules.cfg", line 91: more than one resource matching misc/schedule-indoors.png is visible here (/home/trewe/src/wesnoth/data/core/images/misc/schedule-indoors.png, /home/trewe/src/wesnoth/data/core/images/themes/classic/misc/schedule-indoors.png).
"/home/trewe/src/wesnoth/data/core/macros/schedules.cfg", line 99: more than one resource matching misc/schedule-underground.png is visible here (/home/trewe/src/wesnoth/data/core/images/themes/classic/misc/schedule-underground.png, /home/trewe/src/wesnoth/data/core/images/misc/schedule-underground.png).
"/home/trewe/src/wesnoth/data/core/macros/schedules.cfg", line 111: more than one resource matching misc/schedule-underground.png is visible here (/home/trewe/src/wesnoth/data/core/images/themes/classic/misc/schedule-underground.png, /home/trewe/src/wesnoth/data/core/images/misc/schedule-underground.png).
"/home/trewe/src/wesnoth/data/core/macros/schedules.cfg", line 201: more than one resource matching misc/tod-schedule-24hrs.png is visible here (/home/trewe/src/wesnoth/data/core/images/misc/tod-schedule-24hrs.png, /home/trewe/src/wesnoth/data/core/images/themes/classic/misc/tod-schedule-24hrs.png).
"/home/trewe/src/wesnoth/data/core/macros/schedules.cfg", line 213: more than one resource matching misc/tod-schedule-24hrs.png is visible here (/home/trewe/src/wesnoth/data/core/images/misc/tod-schedule-24hrs.png, /home/trewe/src/wesnoth/data/core/images/themes/classic/misc/tod-schedule-24hrs.png).
"/home/trewe/src/wesnoth/data/core/macros/schedules.cfg", line 225: more than one resource matching misc/tod-schedule-24hrs.png is visible here (/home/trewe/src/wesnoth/data/core/images/misc/tod-schedule-24hrs.png, /home/trewe/src/wesnoth/data/core/images/themes/classic/misc/tod-schedule-24hrs.png).
"/home/trewe/src/wesnoth/data/core/macros/schedules.cfg", line 237: more than one resource matching misc/tod-schedule-24hrs.png is visible here (/home/trewe/src/wesnoth/data/core/images/misc/tod-schedule-24hrs.png, /home/trewe/src/wesnoth/data/core/images/themes/classic/misc/tod-schedule-24hrs.png).
"/home/trewe/src/wesnoth/data/core/macros/schedules.cfg", line 249: more than one resource matching misc/tod-schedule-24hrs.png is visible here (/home/trewe/src/wesnoth/data/core/images/misc/tod-schedule-24hrs.png, /home/trewe/src/wesnoth/data/core/images/themes/classic/misc/tod-schedule-24hrs.png).
"/home/trewe/src/wesnoth/data/core/macros/schedules.cfg", line 261: more than one resource matching misc/tod-schedule-24hrs.png is visible here (/home/trewe/src/wesnoth/data/core/images/misc/tod-schedule-24hrs.png, /home/trewe/src/wesnoth/data/core/images/themes/classic/misc/tod-schedule-24hrs.png).
"/home/trewe/src/wesnoth/data/core/macros/schedules.cfg", line 273: more than one resource matching misc/tod-schedule-24hrs.png is visible here (/home/trewe/src/wesnoth/data/core/images/misc/tod-schedule-24hrs.png, /home/trewe/src/wesnoth/data/core/images/themes/classic/misc/tod-schedule-24hrs.png).
"/home/trewe/src/wesnoth/data/core/macros/schedules.cfg", line 285: more than one resource matching misc/tod-schedule-24hrs.png is visible here (/home/trewe/src/wesnoth/data/core/images/misc/tod-schedule-24hrs.png, /home/trewe/src/wesnoth/data/core/images/themes/classic/misc/tod-schedule-24hrs.png).
"/home/trewe/src/wesnoth/data/core/macros/schedules.cfg", line 296: more than one resource matching misc/tod-schedule-24hrs.png is visible here (/home/trewe/src/wesnoth/data/core/images/misc/tod-schedule-24hrs.png, /home/trewe/src/wesnoth/data/core/images/themes/classic/misc/tod-schedule-24hrs.png).
"/home/trewe/src/wesnoth/data/core/macros/schedules.cfg", line 305: more than one resource matching misc/tod-schedule-24hrs.png is visible here (/home/trewe/src/wesnoth/data/core/images/misc/tod-schedule-24hrs.png, /home/trewe/src/wesnoth/data/core/images/themes/classic/misc/tod-schedule-24hrs.png).
"/home/trewe/src/wesnoth/data/core/macros/schedules.cfg", line 314: more than one resource matching misc/tod-schedule-24hrs.png is visible here (/home/trewe/src/wesnoth/data/core/images/misc/tod-schedule-24hrs.png, /home/trewe/src/wesnoth/data/core/images/themes/classic/misc/tod-schedule-24hrs.png).
"/home/trewe/src/wesnoth/data/core/macros/schedules.cfg", line 323: more than one resource matching misc/tod-schedule-24hrs.png is visible here (/home/trewe/src/wesnoth/data/core/images/misc/tod-schedule-24hrs.png, /home/trewe/src/wesnoth/data/core/images/themes/classic/misc/tod-schedule-24hrs.png).
"/home/trewe/src/wesnoth/data/core/macros/schedules.cfg", line 332: more than one resource matching misc/tod-schedule-24hrs.png is visible here (/home/trewe/src/wesnoth/data/core/images/misc/tod-schedule-24hrs.png, /home/trewe/src/wesnoth/data/core/images/themes/classic/misc/tod-schedule-24hrs.png).
"/home/trewe/src/wesnoth/data/core/macros/schedules.cfg", line 341: more than one resource matching misc/tod-schedule-24hrs.png is visible here (/home/trewe/src/wesnoth/data/core/images/misc/tod-schedule-24hrs.png, /home/trewe/src/wesnoth/data/core/images/themes/classic/misc/tod-schedule-24hrs.png).
"/home/trewe/src/wesnoth/data/core/macros/schedules.cfg", line 350: more than one resource matching misc/tod-schedule-24hrs.png is visible here (/home/trewe/src/wesnoth/data/core/images/misc/tod-schedule-24hrs.png, /home/trewe/src/wesnoth/data/core/images/themes/classic/misc/tod-schedule-24hrs.png).
"/home/trewe/src/wesnoth/data/core/macros/schedules.cfg", line 359: more than one resource matching misc/tod-schedule-24hrs.png is visible here (/home/trewe/src/wesnoth/data/core/images/misc/tod-schedule-24hrs.png, /home/trewe/src/wesnoth/data/core/images/themes/classic/misc/tod-schedule-24hrs.png).
"/home/trewe/src/wesnoth/data/core/macros/schedules.cfg", line 368: more than one resource matching misc/tod-schedule-24hrs.png is visible here (/home/trewe/src/wesnoth/data/core/images/misc/tod-schedule-24hrs.png, /home/trewe/src/wesnoth/data/core/images/themes/classic/misc/tod-schedule-24hrs.png).
"/home/trewe/src/wesnoth/data/core/macros/schedules.cfg", line 377: more than one resource matching misc/tod-schedule-24hrs.png is visible here (/home/trewe/src/wesnoth/data/core/images/misc/tod-schedule-24hrs.png, /home/trewe/src/wesnoth/data/core/images/themes/classic/misc/tod-schedule-24hrs.png).
"/home/trewe/src/wesnoth/data/core/macros/schedules.cfg", line 386: more than one resource matching misc/tod-schedule-24hrs.png is visible here (/home/trewe/src/wesnoth/data/core/images/misc/tod-schedule-24hrs.png, /home/trewe/src/wesnoth/data/core/images/themes/classic/misc/tod-schedule-24hrs.png).
"/home/trewe/src/wesnoth/data/core/macros/schedules.cfg", line 397: more than one resource matching misc/tod-schedule-24hrs.png is visible here (/home/trewe/src/wesnoth/data/core/images/misc/tod-schedule-24hrs.png, /home/trewe/src/wesnoth/data/core/images/themes/classic/misc/tod-schedule-24hrs.png).
"/home/trewe/src/wesnoth/data/core/macros/schedules.cfg", line 408: more than one resource matching misc/tod-schedule-24hrs.png is visible here (/home/trewe/src/wesnoth/data/core/images/misc/tod-schedule-24hrs.png, /home/trewe/src/wesnoth/data/core/images/themes/classic/misc/tod-schedule-24hrs.png).
"/home/trewe/src/wesnoth/data/core/macros/schedules.cfg", line 420: more than one resource matching misc/tod-schedule-24hrs.png is visible here (/home/trewe/src/wesnoth/data/core/images/misc/tod-schedule-24hrs.png, /home/trewe/src/wesnoth/data/core/images/themes/classic/misc/tod-schedule-24hrs.png).
"/home/trewe/src/wesnoth/data/core/macros/schedules.cfg", line 432: more than one resource matching misc/tod-schedule-24hrs.png is visible here (/home/trewe/src/wesnoth/data/core/images/misc/tod-schedule-24hrs.png, /home/trewe/src/wesnoth/data/core/images/themes/classic/misc/tod-schedule-24hrs.png).
"/home/trewe/src/wesnoth/data/core/macros/schedules.cfg", line 444: more than one resource matching misc/tod-schedule-24hrs.png is visible here (/home/trewe/src/wesnoth/data/core/images/misc/tod-schedule-24hrs.png, /home/trewe/src/wesnoth/data/core/images/themes/classic/misc/tod-schedule-24hrs.png).
"/home/trewe/src/wesnoth/data/multiplayer/scenarios/2p_Dark_Forecast.cfg", line 1279: more than one resource matching misc/schedule-dawn.png is visible here (/home/trewe/src/wesnoth/data/core/images/themes/classic/misc/schedule-dawn.png, /home/trewe/src/wesnoth/data/core/images/misc/schedule-dawn.png).
"/home/trewe/src/wesnoth/data/multiplayer/scenarios/2p_Elensefar_Courtyard.cfg", line 114: more than one resource matching misc/schedule-underground-illum.png is visible here (/home/trewe/src/wesnoth/data/core/images/misc/schedule-underground-illum.png, /home/trewe/src/wesnoth/data/core/images/themes/classic/misc/schedule-underground-illum.png).
"/home/trewe/src/wesnoth/data/campaigns/Heir_To_The_Throne/utils/httt_utils.cfg", line 529: more than one resource matching misc/schedule-underground.png is visible here (/home/trewe/src/wesnoth/data/core/images/themes/classic/misc/schedule-underground.png, /home/trewe/src/wesnoth/data/core/images/misc/schedule-underground.png).
"/home/trewe/src/wesnoth/data/campaigns/The_South_Guard/scenarios/01_Born_to_the_Banner.cfg", line 368: more than one resource matching misc/schedule-firstwatch.png is visible here (/home/trewe/src/wesnoth/data/core/images/themes/classic/misc/schedule-firstwatch.png, /home/trewe/src/wesnoth/data/core/images/misc/schedule-firstwatch.png).
"/home/trewe/src/wesnoth/data/campaigns/The_South_Guard/scenarios/01_Born_to_the_Banner.cfg", line 394: more than one resource matching misc/schedule-dawn.png is visible here (/home/trewe/src/wesnoth/data/core/images/themes/classic/misc/schedule-dawn.png, /home/trewe/src/wesnoth/data/core/images/misc/schedule-dawn.png).
#Cross-reference time: 54 seconds
"/home/trewe/src/umc-campaigns/Return_from_Captivity/scenarios/07_The_Invisible_Legion.cfg", line 72: Unresolved reference -> CALCULATE_DISTANCE
"/home/trewe/src/wesnoth/data/core/editor/time-of-day.cfg", line 61: Unresolved reference -> TWO_SUNS_DEFAULT_SCHEDULE
"/home/trewe/src/umc-campaigns/Return_from_Captivity/scenarios/01_The_Prison.cfg", line 7: Unresolved reference -> add-ons/Return_from_Captivity/maps/01_The_Prison.map
"/home/trewe/src/umc-campaigns/Return_from_Captivity/scenarios/01_The_Prison.cfg", line 58: Unresolved reference -> data/campaigns/The_Rise_Of_Wesnoth/images/portraits/logalmier.png
"/home/trewe/src/umc-campaigns/Return_from_Captivity/scenarios/01_The_Prison.cfg", line 86: Unresolved reference -> data/campaigns/Sceptre_of_Fire/images/portraits/durstorn.png
"/home/trewe/src/umc-campaigns/Return_from_Captivity/scenarios/02_The_Valley_of_the_Fear.cfg", line 7: Unresolved reference -> add-ons/Return_from_Captivity/maps/02_The_Valley_of_the_Fear.map
"/home/trewe/src/umc-campaigns/Return_from_Captivity/scenarios/02_The_Valley_of_the_Fear.cfg", line 51: Unresolved reference -> data/campaigns/The_Rise_Of_Wesnoth/images/portraits/logalmier.png
"/home/trewe/src/umc-campaigns/Return_from_Captivity/scenarios/02_The_Valley_of_the_Fear.cfg", line 78: Unresolved reference -> data/campaigns/Sceptre_of_Fire/images/portraits/durstorn.png
"/home/trewe/src/umc-campaigns/Return_from_Captivity/scenarios/03_Leaving_the_Island.cfg", line 7: Unresolved reference -> add-ons/Return_from_Captivity/maps/03_Leaving_the_Island.map
"/home/trewe/src/umc-campaigns/Return_from_Captivity/scenarios/03_Leaving_the_Island.cfg", line 44: Unresolved reference -> data/campaigns/The_Rise_Of_Wesnoth/images/portraits/logalmier.png
"/home/trewe/src/umc-campaigns/Return_from_Captivity/scenarios/03_Leaving_the_Island.cfg", line 67: Unresolved reference -> data/campaigns/Sceptre_of_Fire/images/portraits/durstorn.png
"/home/trewe/src/umc-campaigns/Return_from_Captivity/scenarios/04_Save_the_Forest.cfg", line 23: Unresolved reference -> add-ons/Return_from_Captivity/maps/04_Save_the_Forest.map
"/home/trewe/src/umc-campaigns/Return_from_Captivity/scenarios/04_Save_the_Forest.cfg", line 52: Unresolved reference -> data/campaigns/The_Rise_Of_Wesnoth/images/portraits/logalmier.png
"/home/trewe/src/umc-campaigns/Return_from_Captivity/scenarios/04_Save_the_Forest.cfg", line 76: Unresolved reference -> data/campaigns/Sceptre_of_Fire/images/portraits/durstorn.png
"/home/trewe/src/umc-campaigns/Return_from_Captivity/scenarios/05_The_Land_of_the_Dragons.cfg", line 7: Unresolved reference -> add-ons/Return_from_Captivity/maps/05_The_Land_of_the_Dragons.map
"/home/trewe/src/umc-campaigns/Return_from_Captivity/scenarios/05_The_Land_of_the_Dragons.cfg", line 37: Unresolved reference -> data/campaigns/The_Rise_Of_Wesnoth/images/portraits/logalmier.png
"/home/trewe/src/umc-campaigns/Return_from_Captivity/scenarios/05_The_Land_of_the_Dragons.cfg", line 60: Unresolved reference -> data/campaigns/Sceptre_of_Fire/images/portraits/durstorn.png
"/home/trewe/src/umc-campaigns/Return_from_Captivity/scenarios/05_The_Land_of_the_Dragons.cfg", line 429: Unresolved reference -> projectiles/lightning-n.png
"/home/trewe/src/umc-campaigns/Return_from_Captivity/scenarios/05_The_Land_of_the_Dragons.cfg", line 430: Unresolved reference -> projectiles/lightning-ne.png
"/home/trewe/src/umc-campaigns/Return_from_Captivity/scenarios/05_The_Land_of_the_Dragons.cfg", line 553: Unresolved reference -> units/monsters/scorpion.png
"/home/trewe/src/umc-campaigns/Return_from_Captivity/scenarios/06_The_Frozen_River.cfg", line 7: Unresolved reference -> add-ons/Return_from_Captivity/maps/06_The_Frozen_River.map
"/home/trewe/src/umc-campaigns/Return_from_Captivity/scenarios/06_The_Frozen_River.cfg", line 37: Unresolved reference -> data/campaigns/The_Rise_Of_Wesnoth/images/portraits/logalmier.png
"/home/trewe/src/umc-campaigns/Return_from_Captivity/scenarios/06_The_Frozen_River.cfg", line 60: Unresolved reference -> data/campaigns/Sceptre_of_Fire/images/portraits/durstorn.png
"/home/trewe/src/umc-campaigns/Return_from_Captivity/scenarios/07_The_Invisible_Legion.cfg", line 7: Unresolved reference -> add-ons/Return_from_Captivity/maps/07_The_Invisible_Legion.map
"/home/trewe/src/umc-campaigns/Return_from_Captivity/scenarios/07_The_Invisible_Legion.cfg", line 229: Unresolved reference -> data/campaigns/The_Rise_Of_Wesnoth/images/portraits/logalmier.png
"/home/trewe/src/umc-campaigns/Return_from_Captivity/scenarios/07_The_Invisible_Legion.cfg", line 255: Unresolved reference -> data/campaigns/Sceptre_of_Fire/images/portraits/durstorn.png
"/home/trewe/src/umc-campaigns/Return_from_Captivity/scenarios/08_The_Labyrinth.cfg", line 7: Unresolved reference -> add-ons/Return_from_Captivity/maps/08_The_Labyrinth.map
"/home/trewe/src/umc-campaigns/Return_from_Captivity/scenarios/08_The_Labyrinth.cfg", line 38: Unresolved reference -> data/campaigns/The_Rise_Of_Wesnoth/images/portraits/logalmier.png
"/home/trewe/src/umc-campaigns/Return_from_Captivity/scenarios/08_The_Labyrinth.cfg", line 62: Unresolved reference -> data/campaigns/Sceptre_of_Fire/images/portraits/durstorn.png
"/home/trewe/src/umc-campaigns/Return_from_Captivity/scenarios/09_Open_Sesame.cfg", line 7: Unresolved reference -> add-ons/Return_from_Captivity/maps/09_Open_Sesame.map
"/home/trewe/src/umc-campaigns/Return_from_Captivity/scenarios/09_Open_Sesame.cfg", line 46: Unresolved reference -> data/campaigns/The_Rise_Of_Wesnoth/images/portraits/logalmier.png
"/home/trewe/src/umc-campaigns/Return_from_Captivity/scenarios/09_Open_Sesame.cfg", line 70: Unresolved reference -> data/campaigns/Sceptre_of_Fire/images/portraits/durstorn.png
"/home/trewe/src/umc-campaigns/Return_from_Captivity/scenarios/09_Open_Sesame.cfg", line 414: Unresolved reference -> misc/status-friend.png
"/home/trewe/src/umc-campaigns/Return_from_Captivity/scenarios/09_Open_Sesame.cfg", line 459: Unresolved reference -> misc/status-friend.png
"/home/trewe/src/umc-campaigns/Return_from_Captivity/scenarios/10_The_Tunnel.cfg", line 7: Unresolved reference -> add-ons/Return_from_Captivity/maps/10_The_Tunnel.map
"/home/trewe/src/umc-campaigns/Return_from_Captivity/scenarios/10_The_Tunnel.cfg", line 42: Unresolved reference -> data/campaigns/The_Rise_Of_Wesnoth/images/portraits/logalmier.png
"/home/trewe/src/umc-campaigns/Return_from_Captivity/scenarios/10_The_Tunnel.cfg", line 67: Unresolved reference -> data/campaigns/Sceptre_of_Fire/images/portraits/durstorn.png
"/home/trewe/src/umc-campaigns/Return_from_Captivity/scenarios/11_Returning_to_Home.cfg", line 11: Unresolved reference -> add-ons/Return_from_Captivity/maps/11_Returning_to_Home.map
"/home/trewe/src/umc-campaigns/Return_from_Captivity/scenarios/11_Returning_to_Home.cfg", line 50: Unresolved reference -> data/campaigns/The_Rise_Of_Wesnoth/images/portraits/logalmier.png
"/home/trewe/src/umc-campaigns/Return_from_Captivity/scenarios/11_Returning_to_Home.cfg", line 75: Unresolved reference -> data/campaigns/Sceptre_of_Fire/images/portraits/durstorn.png
"/home/trewe/src/umc-campaigns/Return_from_Captivity/scenarios/11_Returning_to_Home.cfg", line 320: Unresolved reference -> units/elves-wood/scout.png
"/home/trewe/src/umc-campaigns/Return_from_Captivity/terrain/terrain_graphics.cfg", line 11: Unresolved reference -> ../scenery/fire1.png
"/home/trewe/src/umc-campaigns/Return_from_Captivity/terrain/terrain_graphics.cfg", line 11: Unresolved reference -> ../scenery/fire2.png
"/home/trewe/src/umc-campaigns/Return_from_Captivity/terrain/terrain_graphics.cfg", line 11: Unresolved reference -> ../scenery/fire3.png
"/home/trewe/src/umc-campaigns/Return_from_Captivity/terrain/terrain_graphics.cfg", line 11: Unresolved reference -> ../scenery/fire4.png
"/home/trewe/src/umc-campaigns/Return_from_Captivity/terrain/terrain_graphics.cfg", line 11: Unresolved reference -> ../scenery/fire5.png
"/home/trewe/src/umc-campaigns/Return_from_Captivity/terrain/terrain_graphics.cfg", line 11: Unresolved reference -> ../scenery/fire6.png
"/home/trewe/src/umc-campaigns/Return_from_Captivity/terrain/terrain_graphics.cfg", line 11: Unresolved reference -> ../scenery/fire7.png
"/home/trewe/src/umc-campaigns/Return_from_Captivity/terrain/terrain_graphics.cfg", line 11: Unresolved reference -> ../scenery/fire8.png
"/home/trewe/src/umc-campaigns/Return_from_Captivity/units/Cockatrice.cfg", line 104: Unresolved reference -> stoned.ogg
"/home/trewe/src/umc-campaigns/Return_from_Captivity/units/Dwarvish_Flamethower.cfg", line 7: Unresolved reference -> units/dwarves/dwarvish-flamethrower.png
"/home/trewe/src/umc-campaigns/Return_from_Captivity/units/Dwarvish_Flamethower.cfg", line 13: Unresolved reference -> units/dwarves/dwarvish-flamethrower-defend.png
"/home/trewe/src/umc-campaigns/Return_from_Captivity/units/Dwarvish_Flamethower.cfg", line 29: Unresolved reference -> units/dwarves/dwarvish-flamethrower.png
"/home/trewe/src/umc-campaigns/Return_from_Captivity/units/Dwarvish_Flamethower.cfg", line 29: Unresolved reference -> units/dwarves/dwarvish-flamethrower.png
"/home/trewe/src/umc-campaigns/Return_from_Captivity/units/Dwarvish_Flamethower.cfg", line 62: Unresolved reference -> units/dwarves/dwarvish-flamethrower.png
"/home/trewe/src/umc-campaigns/Return_from_Captivity/units/Dwarvish_Flamethower.cfg", line 68: Unresolved reference -> units/dwarves/dwarvish-flamethrower.png
"/home/trewe/src/umc-campaigns/Return_from_Captivity/units/Dwarvish_Flamethower.cfg", line 79: Unresolved reference -> units/dwarves/dwarvish-flamethrower.png
"/home/trewe/src/umc-campaigns/Return_from_Captivity/units/Dwarvish_Flamethower.cfg", line 85: Unresolved reference -> units/dwarves/dwarvish-flamethrower.png
"/home/trewe/src/umc-campaigns/Return_from_Captivity/units/Dwarvish_Flamethower.cfg", line 98: Unresolved reference -> units/dwarves/dwarvish-flamethrower.png
"/home/trewe/src/umc-campaigns/Return_from_Captivity/units/Dwarvish_Flamethower.cfg", line 103: Unresolved reference -> units/dwarves/dwarvish-flamethrower.png
"/home/trewe/src/umc-campaigns/Return_from_Captivity/units/Dwarvish_Flamethower.cfg", line 113: Unresolved reference -> units/dwarves/dwarvish-flamethrower.png
"/home/trewe/src/umc-campaigns/Return_from_Captivity/units/Dwarvish_Flamethower.cfg", line 118: Unresolved reference -> units/dwarves/dwarvish-flamethrower.png
"/home/trewe/src/umc-campaigns/Return_from_Captivity/utils/abilities.cfg", line 103: Unresolved reference -> attacks/_ "stun".png
"/home/trewe/src/wesnoth/data/multiplayer/scenarios/ANL_utils/ANL_leader_options.cfg", line 579: Unresolved reference -> units/elves-wood/scout.png
"/home/trewe/src/wesnoth/data/multiplayer/scenarios/ANL_utils/ANL_research_options.cfg", line 72: Unresolved reference -> units/human-loyalists/cavalryman.png
"/home/trewe/src/wesnoth/data/multiplayer/scenarios/ANL_utils/ANL_research_options.cfg", line 73: Unresolved reference -> units/human-loyalists/horseman.png
"/home/trewe/src/wesnoth/data/themes/editor.cfg", line 609: Unresolved reference -> icons/terrain/terrain_type_info.png
"/home/trewe/src/wesnoth/data/campaigns/Legend_of_Wesmere/units/Horse_Archer.cfg", line 12: Unresolved reference -> units/elves-wood/rider-attack1.png
"/home/trewe/src/wesnoth/data/campaigns/The_South_Guard/scenarios/03_A_Desparate_Errand.cfg", line 234: Unresolved reference -> units/human-loyalists/cavalryman-attack.png
# Mismatched references:
"/home/trewe/src/wesnoth/data/core/macros/ai.cfg", line 503: macro AI_CONTROLLER_ALLOW_LEADER_CONTROL(CONTROLLER_SIDE=side, CONTROLLED_SIDE=side) has mismatches:
"/home/trewe/src/umc-campaigns/Return_from_Captivity/scenarios/04_Save_the_Forest.cfg", line 200: AI_CONTROLLER_ALLOW_LEADER_CONTROL(1,2, 6) with signature (CONTROLLER_SIDE=position, CONTROLLED_SIDE=numeric)
"/home/trewe/src/wesnoth/data/core/macros/side-utils.cfg", line 163: macro CAPTURE_VILLAGES_OF_TYPE(TERRAIN=terrain_code, SIDE=side, X=numeric, Y=numeric, RADIUS=numeric) has mismatches:
"/home/trewe/src/umc-campaigns/Return_from_Captivity/scenarios/07_The_Invisible_Legion.cfg", line 400: CAPTURE_VILLAGES_OF_TYPE(W*^V*, 8, 29, 21, 99) with signature (TERRAIN=name, SIDE=numeric, X=numeric, Y=numeric, RADIUS=numeric)
"/home/trewe/src/wesnoth/data/core/macros/ai_controller.cfg", line 887: macro DISABLE_AI_CONTROLLER_FOR_SIDE(AFFIX=affix, SIDE=side) has mismatches:
"/home/trewe/src/umc-campaigns/Return_from_Captivity/scenarios/04_Save_the_Forest.cfg", line 190: DISABLE_AI_CONTROLLER_FOR_SIDE(players, 1,2) with signature (AFFIX=name, SIDE=position)
"/home/trewe/src/wesnoth/data/core/terrain-graphics/overlay.cfg", line 162: macro OVERLAY(TERRAINLIST=terrain_pattern, IMAGESTEM=name) has mismatches:
"/home/trewe/src/umc-campaigns/Return_from_Captivity/terrain/terrain_graphics.cfg", line 11: OVERLAY(*^Fi|, ../scenery/fire1.png:200,../scenery/fire2.png:200,../scenery/fire3.png:200,../scenery/fire4.png:200,../scenery/fire5.png:200,../scenery/fire6.png:200,../scenery/fire7.png:200,../scenery/fire8.png:200) with signature (TERRAINLIST=terrain_code, IMAGESTEM=image)
"/home/trewe/src/umc-campaigns/Return_from_Captivity/scenarios/01_The_Prison.cfg", line 175: macro RESCUE_CAPTIVE(Xu=None, Yu=None, Xd=None, Yd=None, DESC=None, SIDE=side, RESCMSG=None, CAPTMSG=None) has mismatches:
"/home/trewe/src/umc-campaigns/Return_from_Captivity/scenarios/01_The_Prison.cfg", line 449: RESCUE_CAPTIVE(12, 4, 13, 5, Sirius, 1,2, _The wall is weak here! I'll try to break through!, _Thank you for making me free. In gratitude I'll join you, elves, in the battle.) with signature (Xu=numeric, Yu=numeric, Xd=numeric, Yd=numeric, DESC=name, SIDE=position, RESCMSG=stringliteral, CAPTMSG=stringliteral)
"/home/trewe/src/umc-campaigns/Return_from_Captivity/scenarios/01_The_Prison.cfg", line 450: RESCUE_CAPTIVE(3, 14, 4, 14, Tallus, 1,2, _I can pass through here!, _I'm free at last! I'll help you dwarves to get away from here!) with signature (Xu=numeric, Yu=numeric, Xd=numeric, Yd=numeric, DESC=name, SIDE=position, RESCMSG=stringliteral, CAPTMSG=stringliteral)
"/home/trewe/src/umc-campaigns/Return_from_Captivity/scenarios/01_The_Prison.cfg", line 451: RESCUE_CAPTIVE(29, 10, 28, 10, Trithatas, 1,2, _I can smash the wall here!, _Thanks for rescuing me! I will serve you, dwarves till you get home!) with signature (Xu=numeric, Yu=numeric, Xd=numeric, Yd=numeric, DESC=name, SIDE=position, RESCMSG=stringliteral, CAPTMSG=stringliteral)
"/home/trewe/src/umc-campaigns/Return_from_Captivity/scenarios/01_The_Prison.cfg", line 452: RESCUE_CAPTIVE(26, 19, 26, 18, Ameldor, 1,2, _The wall collapsed!, _I am out, hurray! I'll fight with you, elves, against the outlaws.) with signature (Xu=numeric, Yu=numeric, Xd=numeric, Yd=numeric, DESC=name, SIDE=position, RESCMSG=stringliteral, CAPTMSG=stringliteral)
"/home/trewe/src/umc-campaigns/Return_from_Captivity/units/Raindancer.cfg", line 137: macro SIDHE_LIGHTNING(VAR=name) has mismatches:
"/home/trewe/src/umc-campaigns/Return_from_Captivity/units/Raindancer.cfg", line 206: SIDHE_LIGHTNING(1) with signature (VAR=numeric)
"/home/trewe/src/umc-campaigns/Return_from_Captivity/units/Raindancer.cfg", line 207: SIDHE_LIGHTNING(2) with signature (VAR=numeric)
"/home/trewe/src/umc-campaigns/Return_from_Captivity/units/Raindancer.cfg", line 208: SIDHE_LIGHTNING(3) with signature (VAR=numeric)
"/home/trewe/src/umc-campaigns/Return_from_Captivity/units/Stormlord.cfg", line 59: macro SLORD_LIGHTNING(VAR=name) has mismatches:
"/home/trewe/src/umc-campaigns/Return_from_Captivity/units/Stormlord.cfg", line 128: SLORD_LIGHTNING(1) with signature (VAR=numeric)
"/home/trewe/src/umc-campaigns/Return_from_Captivity/units/Stormlord.cfg", line 129: SLORD_LIGHTNING(2) with signature (VAR=numeric)
"/home/trewe/src/umc-campaigns/Return_from_Captivity/units/Stormlord.cfg", line 130: SLORD_LIGHTNING(3) with signature (VAR=numeric)
"/home/trewe/src/umc-campaigns/Return_from_Captivity/units/Thunderblade.cfg", line 58: macro TBLADE_LIGHTNING(VAR=name) has mismatches:
"/home/trewe/src/umc-campaigns/Return_from_Captivity/units/Thunderblade.cfg", line 128: TBLADE_LIGHTNING(1) with signature (VAR=numeric)
"/home/trewe/src/umc-campaigns/Return_from_Captivity/units/Thunderblade.cfg", line 129: TBLADE_LIGHTNING(2) with signature (VAR=numeric)
"/home/trewe/src/umc-campaigns/Return_from_Captivity/units/Thunderblade.cfg", line 130: TBLADE_LIGHTNING(3) with signature (VAR=numeric)
"/home/trewe/src/umc-campaigns/Return_from_Captivity/units/Tempest.cfg", line 74: macro TEMPEST_LIGHTNING(VAR=name) has mismatches:
"/home/trewe/src/umc-campaigns/Return_from_Captivity/units/Tempest.cfg", line 143: TEMPEST_LIGHTNING(1) with signature (VAR=numeric)
"/home/trewe/src/umc-campaigns/Return_from_Captivity/units/Tempest.cfg", line 144: TEMPEST_LIGHTNING(2) with signature (VAR=numeric)
"/home/trewe/src/umc-campaigns/Return_from_Captivity/units/Tempest.cfg", line 145: TEMPEST_LIGHTNING(3) with signature (VAR=numeric)
"/home/trewe/src/wesnoth/data/core/macros/utils.cfg", line 178: macro VARIABLE_OP(VAR=name, OP_NAME=name, VALUE=any) has mismatches:
"/home/trewe/src/umc-campaigns/Return_from_Captivity/scenarios/08_The_Labyrinth.cfg", line 491: VARIABLE_OP(xloc, rand6..$xmax) with signature (VAR=name, OP_NAME=name)
"/home/trewe/src/umc-campaigns/Return_from_Captivity/scenarios/08_The_Labyrinth.cfg", line 492: VARIABLE_OP(yloc, rand4..$ymax) with signature (VAR=name, OP_NAME=name)
"/home/trewe/src/umc-campaigns/Return_from_Captivity/units/Windlasher.cfg", line 74: macro WIND_LIGHTNING(VAR=name) has mismatches:
"/home/trewe/src/umc-campaigns/Return_from_Captivity/units/Windlasher.cfg", line 143: WIND_LIGHTNING(1) with signature (VAR=numeric)
"/home/trewe/src/umc-campaigns/Return_from_Captivity/units/Windlasher.cfg", line 144: WIND_LIGHTNING(2) with signature (VAR=numeric)
"/home/trewe/src/umc-campaigns/Return_from_Captivity/units/Windlasher.cfg", line 145: WIND_LIGHTNING(3) with signature (VAR=numeric)
"/home/trewe/src/umc-campaigns/Return_from_Captivity/units/Warmage.cfg", line 57: macro WMAGE_LIGHTNING(VAR=name) has mismatches:
"/home/trewe/src/umc-campaigns/Return_from_Captivity/units/Warmage.cfg", line 127: WMAGE_LIGHTNING(1) with signature (VAR=numeric)
"/home/trewe/src/umc-campaigns/Return_from_Captivity/units/Warmage.cfg", line 128: WMAGE_LIGHTNING(2) with signature (VAR=numeric)
"/home/trewe/src/umc-campaigns/Return_from_Captivity/units/Warmage.cfg", line 129: WMAGE_LIGHTNING(3) with signature (VAR=numeric)
